android/app/build/intermediates/manifest_merge_blame_file/release/manifest-merger-blame-release-report.txt
1<?xml version="1.0" encoding="utf-8"?>
2<manifest xmlns:android="http://schemas.android.com/apk/res/android"
3    package="com.safebuildingstech.safebuildings"
4    android:versionCode="3"
5    android:versionName="1.4.2" >
6
7    <uses-sdk
8        android:minSdkVersion="21"
8-->src/main/AndroidManifest.xml
9        android:targetSdkVersion="28" />
9-->src/main/AndroidManifest.xml
10
11    <permission
11-->src/main/AndroidManifest.xml:7:3-9:42
12        android:name="com.safebuildingstech.safebuildings.permission.C2D_MESSAGE"
12-->src/main/AndroidManifest.xml:8:5-78
13        android:protectionLevel="signature" />
13-->src/main/AndroidManifest.xml:9:5-40
14
15    <!-- These are required permissions to make the app run -->
16    <uses-permission android:name="com.safebuildingstech.safebuildings.permission.C2D_MESSAGE" />
16-->src/main/AndroidManifest.xml:12:3-96
16-->src/main/AndroidManifest.xml:12:20-93
17    <uses-permission android:name="com.google.android.c2dm.permission.RECEIVE" />
17-->src/main/AndroidManifest.xml:13:3-80
17-->src/main/AndroidManifest.xml:13:20-77
18    <uses-permission android:name="android.permission.ACCESS_NETWORK_STATE" />
18-->src/main/AndroidManifest.xml:14:3-77
18-->src/main/AndroidManifest.xml:14:20-74
19    <uses-permission android:name="android.permission.INTERNET" />
19-->src/main/AndroidManifest.xml:15:3-65
19-->src/main/AndroidManifest.xml:15:20-62
20    <uses-permission android:name="android.permission.SYSTEM_ALERT_WINDOW" />
20-->src/main/AndroidManifest.xml:16:3-76
20-->src/main/AndroidManifest.xml:16:20-73
21    <uses-permission android:name="android.permission.WAKE_LOCK" />
21-->src/main/AndroidManifest.xml:17:3-66
21-->src/main/AndroidManifest.xml:17:20-63
22    <uses-permission android:name="android.permission.USE_BIOMETRIC" />
22-->src/main/AndroidManifest.xml:18:3-70
22-->src/main/AndroidManifest.xml:18:20-67
23    <uses-permission android:name="android.permission.RECEIVE_BOOT_COMPLETED" />
23-->src/main/AndroidManifest.xml:19:3-79
23-->src/main/AndroidManifest.xml:19:20-76
24    <uses-permission android:name="android.permission.NOTIFICATIONS" />
24-->src/main/AndroidManifest.xml:20:3-70
24-->src/main/AndroidManifest.xml:20:20-67
25    <uses-permission android:name="android.permission.USER_FACING_NOTIFICATIONS" />
25-->src/main/AndroidManifest.xml:21:3-82
25-->src/main/AndroidManifest.xml:21:20-79
26    <uses-permission android:name="android.permission.CAMERA" />
26-->src/main/AndroidManifest.xml:23:1-61
26-->src/main/AndroidManifest.xml:23:18-58
27    <uses-permission android:name="android.permission.CAMERA_ROLL" />
27-->src/main/AndroidManifest.xml:24:1-66
27-->src/main/AndroidManifest.xml:24:18-63
28    <uses-permission android:name="android.permission.MANAGE_DOCUMENTS" />
28-->src/main/AndroidManifest.xml:27:1-71
28-->src/main/AndroidManifest.xml:27:18-68
29    <uses-permission android:name="android.permission.READ_EXTERNAL_STORAGE" />
29-->src/main/AndroidManifest.xml:32:1-76
29-->src/main/AndroidManifest.xml:32:18-73
30    <uses-permission android:name="android.permission.READ_INTERNAL_STORAGE" />
30-->src/main/AndroidManifest.xml:33:1-75
30-->src/main/AndroidManifest.xml:33:18-73
31    <uses-permission android:name="android.permission.USE_FINGERPRINT" />
31-->src/main/AndroidManifest.xml:36:1-70
31-->src/main/AndroidManifest.xml:36:18-67
32    <uses-permission android:name="android.permission.WRITE_EXTERNAL_STORAGE" />
32-->src/main/AndroidManifest.xml:38:1-77
32-->src/main/AndroidManifest.xml:38:18-74
33
34    <!-- ADD TEST PERMISSIONS HERE -->
35
36    <uses-feature
36-->src/main/AndroidManifest.xml:54:3-77
37        android:glEsVersion="0x00020000"
37-->src/main/AndroidManifest.xml:54:17-49
38        android:required="true" />
38-->src/main/AndroidManifest.xml:54:50-74
39    <uses-feature
39-->src/main/AndroidManifest.xml:55:3-85
40        android:name="android.software.leanback"
40-->src/main/AndroidManifest.xml:55:17-57
41        android:required="false" />
41-->src/main/AndroidManifest.xml:55:58-82
42    <uses-feature
42-->src/main/AndroidManifest.xml:56:3-88
43        android:name="android.hardware.touchscreen"
43-->src/main/AndroidManifest.xml:56:17-60
44        android:required="false" />
44-->src/main/AndroidManifest.xml:56:61-85
45
46    <!-- WHEN_VERSIONING_REMOVE_FROM_HERE -->
47    <supports-screens
47-->[host.exp.exponent:expoview:36.0.0] AndroidManifest.xml:13:5-19:24
48        android:anyDensity="true"
48-->[host.exp.exponent:expoview:36.0.0] AndroidManifest.xml:14:9-34
49        android:largeScreens="true"
49-->[host.exp.exponent:expoview:36.0.0] AndroidManifest.xml:15:9-36
50        android:normalScreens="true"
50-->[host.exp.exponent:expoview:36.0.0] AndroidManifest.xml:16:9-37
51        android:smallScreens="true"
51-->[host.exp.exponent:expoview:36.0.0] AndroidManifest.xml:17:9-36
52        android:xlargeScreens="true" >
52-->[host.exp.exponent:expoview:36.0.0] AndroidManifest.xml:18:9-37
53    </supports-screens>
54
55    <uses-permission android:name="host.exp.exponent.permission.C2D_MESSAGE" />
55-->[host.exp.exponent:expoview:36.0.0] AndroidManifest.xml:26:5-80
55-->[host.exp.exponent:expoview:36.0.0] AndroidManifest.xml:26:22-77
56    <uses-permission android:name="android.permission.MODIFY_AUDIO_SETTINGS" /> <!-- Used by react-native-netinfo module -->
56-->[host.exp.exponent:expoview:36.0.0] AndroidManifest.xml:31:5-80
56-->[host.exp.exponent:expoview:36.0.0] AndroidManifest.xml:31:22-77
57    <uses-permission android:name="android.permission.ACCESS_WIFI_STATE" />
57-->[host.exp.exponent:expoview:36.0.0] AndroidManifest.xml:34:5-76
57-->[host.exp.exponent:expoview:36.0.0] AndroidManifest.xml:34:22-73
58
59    <uses-feature
59-->[host.exp.exponent:expoview:36.0.0] AndroidManifest.xml:47:5-49:36
60        android:name="android.hardware.camera"
60-->[host.exp.exponent:expoview:36.0.0] AndroidManifest.xml:48:9-47
61        android:required="false" />
61-->[host.exp.exponent:expoview:36.0.0] AndroidManifest.xml:49:9-33
62    <uses-feature
62-->[host.exp.exponent:expoview:36.0.0] AndroidManifest.xml:50:5-52:36
63        android:name="android.hardware.camera.autofocus"
63-->[host.exp.exponent:expoview:36.0.0] AndroidManifest.xml:51:9-57
64        android:required="false" />
64-->[host.exp.exponent:expoview:36.0.0] AndroidManifest.xml:52:9-33
65    <uses-feature
65-->[host.exp.exponent:expoview:36.0.0] AndroidManifest.xml:53:5-55:36
66        android:name="android.hardware.location"
66-->[host.exp.exponent:expoview:36.0.0] AndroidManifest.xml:54:9-49
67        android:required="false" />
67-->[host.exp.exponent:expoview:36.0.0] AndroidManifest.xml:55:9-33
68    <uses-feature
68-->[host.exp.exponent:expoview:36.0.0] AndroidManifest.xml:56:5-58:36
69        android:name="android.hardware.location.gps"
69-->[host.exp.exponent:expoview:36.0.0] AndroidManifest.xml:57:9-53
70        android:required="false" />
70-->[host.exp.exponent:expoview:36.0.0] AndroidManifest.xml:58:9-33
71    <uses-feature
71-->[host.exp.exponent:expoview:36.0.0] AndroidManifest.xml:59:5-61:36
72        android:name="android.hardware.location.network"
72-->[host.exp.exponent:expoview:36.0.0] AndroidManifest.xml:60:9-57
73        android:required="false" />
73-->[host.exp.exponent:expoview:36.0.0] AndroidManifest.xml:61:9-33
74    <uses-feature
74-->[host.exp.exponent:expoview:36.0.0] AndroidManifest.xml:62:5-64:36
75        android:name="android.hardware.wifi"
75-->[host.exp.exponent:expoview:36.0.0] AndroidManifest.xml:63:9-45
76        android:required="false" />
76-->[host.exp.exponent:expoview:36.0.0] AndroidManifest.xml:64:9-33
77    <uses-feature
77-->[host.exp.exponent:expoview:36.0.0] AndroidManifest.xml:65:5-67:36
78        android:name="android.hardware.microphone"
78-->[host.exp.exponent:expoview:36.0.0] AndroidManifest.xml:66:9-51
79        android:required="false" />
79-->[host.exp.exponent:expoview:36.0.0] AndroidManifest.xml:67:9-33
80    <uses-feature
80-->[host.exp.exponent:expoview:36.0.0] AndroidManifest.xml:68:5-70:36
81        android:name="android.hardware.telephony"
81-->[host.exp.exponent:expoview:36.0.0] AndroidManifest.xml:69:9-50
82        android:required="false" />
82-->[host.exp.exponent:expoview:36.0.0] AndroidManifest.xml:70:9-33
83    <uses-feature
83-->[host.exp.exponent:expoview:36.0.0] AndroidManifest.xml:71:5-73:36
84        android:name="android.hardware.bluetooth"
84-->[host.exp.exponent:expoview:36.0.0] AndroidManifest.xml:72:9-50
85        android:required="false" />
85-->[host.exp.exponent:expoview:36.0.0] AndroidManifest.xml:73:9-33
86
87    <uses-permission android:name="android.permission.NFC" />
87-->[:react-native-nfc-manager] AndroidManifest.xml:9:5-62
87-->[:react-native-nfc-manager] AndroidManifest.xml:9:22-59
88
89    <uses-feature
89-->[:react-native-nfc-manager] AndroidManifest.xml:11:5-13:36
90        android:name="android.hardware.nfc"
90-->[:react-native-nfc-manager] AndroidManifest.xml:12:9-44
91        android:required="false" /> <!-- Required to access Google Play Licensing -->
91-->[:react-native-nfc-manager] AndroidManifest.xml:13:9-33
92    <uses-permission android:name="com.android.vending.CHECK_LICENSE" />
92-->[:rn-fetch-blob] AndroidManifest.xml:12:5-73
92-->[:rn-fetch-blob] AndroidManifest.xml:12:22-70
93    <uses-permission android:name="android.permission.STORAGE" />
93-->[:expo-file-system] AndroidManifest.xml:15:5-66
93-->[:expo-file-system] AndroidManifest.xml:15:22-63
94    <uses-permission android:name="android.permission.FOREGROUND_SERVICE" />
94-->[:expo-location] AndroidManifest.xml:13:5-77
94-->[:expo-location] AndroidManifest.xml:13:22-74
95    <uses-permission android:name="com.sonymobile.home.permission.PROVIDER_INSERT_BADGE" /> <!-- for huawei -->
95-->[me.leolin:ShortcutBadger:1.1.8] AndroidManifest.xml:28:5-92
95-->[me.leolin:ShortcutBadger:1.1.8] AndroidManifest.xml:28:22-89
96    <uses-permission android:name="com.huawei.android.launcher.permission.CHANGE_BADGE" />
96-->[me.leolin:ShortcutBadger:1.1.8] AndroidManifest.xml:37:5-91
96-->[me.leolin:ShortcutBadger:1.1.8] AndroidManifest.xml:37:22-88
97    <uses-permission android:name="com.huawei.android.launcher.permission.READ_SETTINGS" />
97-->[me.leolin:ShortcutBadger:1.1.8] AndroidManifest.xml:38:5-92
97-->[me.leolin:ShortcutBadger:1.1.8] AndroidManifest.xml:38:22-89
98    <uses-permission android:name="com.huawei.android.launcher.permission.WRITE_SETTINGS" />
98-->[me.leolin:ShortcutBadger:1.1.8] AndroidManifest.xml:39:5-93
98-->[me.leolin:ShortcutBadger:1.1.8] AndroidManifest.xml:39:22-90
99    <uses-permission android:name="com.google.android.finsky.permission.BIND_GET_INSTALL_REFERRER_SERVICE" />
99-->[com.google.android.gms:play-services-measurement:16.5.0] AndroidManifest.xml:26:5-110
99-->[com.google.android.gms:play-services-measurement:16.5.0] AndroidManifest.xml:26:22-107
100
101    <application
101-->src/main/AndroidManifest.xml:58:3-408:17
102        android:name="host.exp.exponent.MainApplication"
102-->src/main/AndroidManifest.xml:59:5-36
103        android:allowBackup="true"
103-->src/main/AndroidManifest.xml:60:5-31
104        android:appComponentFactory="androidx.core.app.CoreComponentFactory"
104-->[androidx.core:core:1.1.0] AndroidManifest.xml:24:18-86
105        android:icon="@mipmap/ic_launcher"
105-->src/main/AndroidManifest.xml:61:5-39
106        android:label="@string/app_name"
106-->src/main/AndroidManifest.xml:62:5-37
107        android:largeHeap="true"
107-->src/main/AndroidManifest.xml:63:5-29
108        android:supportsRtl="true"
108-->[com.facebook.android:facebook-android-sdk:5.0.1] AndroidManifest.xml:28:18-44
109        android:usesCleartextTraffic="true" >
109-->src/main/AndroidManifest.xml:64:5-40
110        <meta-data
110-->src/main/AndroidManifest.xml:67:2-68:65
111            android:name="com.dieam.reactnativepushnotification.notification_channel_name"
111-->src/main/AndroidManifest.xml:67:14-92
112            android:value="YOUR NOTIFICATION CHANNEL NAME" />
112-->src/main/AndroidManifest.xml:68:17-63
113        <meta-data
113-->src/main/AndroidManifest.xml:69:9-70:76
114            android:name="com.dieam.reactnativepushnotification.notification_channel_description"
114-->src/main/AndroidManifest.xml:69:21-106
115            android:value="YOUR NOTIFICATION CHANNEL DESCRIPTION" />
115-->src/main/AndroidManifest.xml:70:21-74
116        <!-- Change the resource name to your App's accent color - or any other color you want -->
117        <meta-data
117-->src/main/AndroidManifest.xml:72:9-73:62
118            android:name="com.dieam.reactnativepushnotification.notification_color"
118-->src/main/AndroidManifest.xml:72:21-92
119            android:resource="@android:color/white" />
119-->src/main/AndroidManifest.xml:73:21-60
120
121        <!-- < Only if you're using GCM or localNotificationSchedule() > -->
122        <!-- This make the app crashing when push notification is received in foreground -->
123        <!--
124        <receiver
125            android:name="com.google.android.gms.gcm.GcmReceiver"
126            android:exported="true"
127            android:permission="com.google.android.c2dm.permission.SEND" >
128            <intent-filter>
129                <action android:name="com.google.android.c2dm.intent.RECEIVE" />
130                <category android:name="${applicationId}" />
131            </intent-filter>
132        </receiver>
133        -->
134        <!-- < Only if you're using GCM or localNotificationSchedule() > -->
135
136        <receiver android:name="com.dieam.reactnativepushnotification.modules.RNPushNotificationPublisher" />
136-->src/main/AndroidManifest.xml:88:9-110
136-->src/main/AndroidManifest.xml:88:19-107
137        <receiver android:name="com.dieam.reactnativepushnotification.modules.RNPushNotificationBootEventReceiver" >
137-->src/main/AndroidManifest.xml:89:9-93:20
137-->src/main/AndroidManifest.xml:89:19-115
138            <intent-filter>
138-->src/main/AndroidManifest.xml:90:13-92:29
139                <action android:name="android.intent.action.BOOT_COMPLETED" />
139-->src/main/AndroidManifest.xml:91:17-79
139-->src/main/AndroidManifest.xml:91:25-76
140            </intent-filter>
141        </receiver>
142
143        <service android:name="com.dieam.reactnativepushnotification.modules.RNPushNotificationRegistrationService" />
143-->src/main/AndroidManifest.xml:94:9-118
143-->src/main/AndroidManifest.xml:94:18-116
144
145        <!-- < Only if you're using GCM or localNotificationSchedule() > -->
146        <service
146-->src/main/AndroidManifest.xml:97:9-103:19
147            android:name="com.dieam.reactnativepushnotification.modules.RNPushNotificationListenerServiceGcm"
147-->src/main/AndroidManifest.xml:98:13-110
148            android:exported="false" >
148-->src/main/AndroidManifest.xml:99:13-37
149            <intent-filter>
149-->src/main/AndroidManifest.xml:100:13-102:29
150                <action android:name="com.google.android.c2dm.intent.RECEIVE" />
150-->src/main/AndroidManifest.xml:101:17-81
150-->src/main/AndroidManifest.xml:101:25-78
151            </intent-filter>
152        </service>
153        <!-- </ Only if you're using GCM or localNotificationSchedule() > -->
154
155
156        <!-- < Else > -->
157        <!-- This make foreground push notification crash -->
158        <!--
159        <service
160            android:name="com.dieam.reactnativepushnotification.modules.RNPushNotificationListenerService"
161            android:exported="false" >
162            <intent-filter>
163                <action android:name="com.google.firebase.MESSAGING_EVENT" />
164            </intent-filter>
165        </service>
166        -->
167        <!-- </Else> -->
168
169        <activity
169-->src/main/AndroidManifest.xml:118:5-123:16
170            android:name="host.exp.exponent.LauncherActivity"
170-->src/main/AndroidManifest.xml:119:7-39
171            android:exported="true"
171-->src/main/AndroidManifest.xml:120:7-30
172            android:launchMode="singleTask"
172-->src/main/AndroidManifest.xml:121:7-38
173            android:theme="@android:style/Theme.Translucent.NoTitleBar" >
173-->src/main/AndroidManifest.xml:122:7-66
174        </activity>
175        <activity
175-->src/main/AndroidManifest.xml:125:5-130:16
176            android:name="host.exp.exponent.experience.ExperienceActivity"
176-->src/main/AndroidManifest.xml:126:7-52
177            android:configChanges="keyboard|keyboardHidden|orientation|screenSize"
177-->src/main/AndroidManifest.xml:127:7-77
178            android:theme="@style/Theme.Exponent.Light"
178-->src/main/AndroidManifest.xml:128:7-50
179            android:windowSoftInputMode="adjustResize" >
179-->src/main/AndroidManifest.xml:129:7-49
180        </activity>
181        <activity
181-->src/main/AndroidManifest.xml:132:5-152:16
182            android:name="host.exp.exponent.MainActivity"
182-->src/main/AndroidManifest.xml:133:7-35
183            android:configChanges="keyboard|keyboardHidden|orientation|screenSize"
183-->src/main/AndroidManifest.xml:135:7-77
184            android:launchMode="singleTask"
184-->src/main/AndroidManifest.xml:134:7-38
185            android:theme="@style/Theme.Exponent.Splash"
185-->src/main/AndroidManifest.xml:136:7-51
186            android:windowSoftInputMode="adjustResize" >
186-->src/main/AndroidManifest.xml:137:7-49
187            <intent-filter>
187-->src/main/AndroidManifest.xml:138:7-145:23
188                <data android:scheme="expd4bdc4a37b454b12a75acdcecb78aadf" />
188-->src/main/AndroidManifest.xml:139:9-69
188-->src/main/AndroidManifest.xml:139:15-67
189
190                <action android:name="android.intent.action.VIEW" />
190-->src/main/AndroidManifest.xml:141:9-60
190-->src/main/AndroidManifest.xml:141:17-58
191
192                <category android:name="android.intent.category.DEFAULT" />
192-->src/main/AndroidManifest.xml:143:9-67
192-->src/main/AndroidManifest.xml:143:19-65
193                <category android:name="android.intent.category.BROWSABLE" />
193-->src/main/AndroidManifest.xml:144:9-69
193-->src/main/AndroidManifest.xml:144:19-67
194            </intent-filter>
195            <intent-filter>
195-->src/main/AndroidManifest.xml:146:7-150:23
196                <action android:name="android.intent.action.MAIN" />
196-->src/main/AndroidManifest.xml:147:9-60
196-->src/main/AndroidManifest.xml:147:17-58
197
198                <category android:name="android.intent.category.LAUNCHER" />
198-->src/main/AndroidManifest.xml:149:9-68
198-->src/main/AndroidManifest.xml:149:19-66
199            </intent-filter>
200            <!-- ADD DETACH APP SPECIFIC INTENT FILTERS -->
201        </activity>
202        <activity
202-->src/main/AndroidManifest.xml:154:5-160:16
203            android:name="host.exp.exponent.experience.HomeActivity"
203-->src/main/AndroidManifest.xml:155:7-46
204            android:label="@string/app_name"
204-->src/main/AndroidManifest.xml:156:7-39
205            android:launchMode="singleTask"
205-->src/main/AndroidManifest.xml:157:7-38
206            android:screenOrientation="portrait"
206-->src/main/AndroidManifest.xml:158:7-43
207            android:theme="@style/Theme.Exponent.Light" >
207-->src/main/AndroidManifest.xml:159:7-50
208        </activity>
209        <activity
209-->src/main/AndroidManifest.xml:162:5-171:15
210            android:name="host.exp.exponent.experience.TvActivity"
210-->src/main/AndroidManifest.xml:163:7-44
211            android:label="@string/app_name"
211-->src/main/AndroidManifest.xml:164:7-39
212            android:screenOrientation="landscape"
212-->src/main/AndroidManifest.xml:166:7-44
213            android:theme="@style/Theme.Exponent.Light" >
213-->src/main/AndroidManifest.xml:165:7-50
214            <intent-filter>
214-->src/main/AndroidManifest.xml:167:6-170:22
215                <action android:name="android.intent.action.MAIN" />
215-->src/main/AndroidManifest.xml:147:9-60
215-->src/main/AndroidManifest.xml:147:17-58
216
217                <category android:name="android.intent.category.LEANBACK_LAUNCHER" />
217-->src/main/AndroidManifest.xml:169:8-77
217-->src/main/AndroidManifest.xml:169:18-74
218            </intent-filter>
219        </activity>
220        <activity android:name="com.facebook.react.devsupport.DevSettingsActivity" />
220-->src/main/AndroidManifest.xml:175:5-81
220-->src/main/AndroidManifest.xml:175:15-79
221        <!-- WHEN_PREPARING_SHELL_REMOVE_FROM_HERE -->
222        <!-- ADD DEV SETTINGS HERE -->
223        <!-- BEGIN_SDK_36 -->
224        <activity android:name="abi36_0_0.com.facebook.react.devsupport.DevSettingsActivity" />
224-->src/main/AndroidManifest.xml:179:5-91
224-->src/main/AndroidManifest.xml:179:15-89
225        <!-- END_SDK_36 -->
226        <!-- BEGIN_SDK_35 -->
227        <activity android:name="abi35_0_0.com.facebook.react.devsupport.DevSettingsActivity" />
227-->src/main/AndroidManifest.xml:182:5-91
227-->src/main/AndroidManifest.xml:182:15-89
228        <!-- END_SDK_35 -->
229        <!-- BEGIN_SDK_34 -->
230        <activity android:name="abi34_0_0.com.facebook.react.devsupport.DevSettingsActivity" />
230-->src/main/AndroidManifest.xml:185:5-91
230-->src/main/AndroidManifest.xml:185:15-89
231        <!-- END_SDK_34 -->
232        <!-- BEGIN_SDK_33 -->
233        <activity android:name="abi33_0_0.com.facebook.react.devsupport.DevSettingsActivity" />
233-->src/main/AndroidManifest.xml:188:5-91
233-->src/main/AndroidManifest.xml:188:15-89
234        <!-- END_SDK_33 -->
235        <!-- WHEN_PREPARING_SHELL_REMOVE_TO_HERE -->
236
237        <activity android:name="net.openid.appauth.RedirectUriReceiverActivity" >
237-->src/main/AndroidManifest.xml:192:5-201:16
237-->src/main/AndroidManifest.xml:193:9-70
238            <intent-filter>
238-->src/main/AndroidManifest.xml:195:7-200:23
239                <action android:name="android.intent.action.VIEW" />
239-->src/main/AndroidManifest.xml:141:9-60
239-->src/main/AndroidManifest.xml:141:17-58
240
241                <category android:name="android.intent.category.DEFAULT" />
241-->src/main/AndroidManifest.xml:143:9-67
241-->src/main/AndroidManifest.xml:143:19-65
242                <category android:name="android.intent.category.BROWSABLE" />
242-->src/main/AndroidManifest.xml:144:9-69
242-->src/main/AndroidManifest.xml:144:19-67
243
244                <data
244-->src/main/AndroidManifest.xml:139:9-69
245                    android:path="oauthredirect"
245-->src/main/AndroidManifest.xml:199:68-96
246                    android:scheme="com.safebuildingstech.safebuildings" />
246-->src/main/AndroidManifest.xml:139:15-67
247            </intent-filter>
248        </activity>
249
250        <!-- START OF STRIPE SCHEMES -->
251        <activity
251-->src/main/AndroidManifest.xml:204:5-215:16
252            android:name="expo.modules.payments.stripe.RedirectUriReceiver"
252-->src/main/AndroidManifest.xml:207:9-72
253            android:exported="true"
253-->src/main/AndroidManifest.xml:205:9-32
254            android:launchMode="singleTask"
254-->src/main/AndroidManifest.xml:206:9-40
255            android:theme="@android:style/Theme.Translucent.NoTitleBar.Fullscreen" >
255-->src/main/AndroidManifest.xml:208:9-79
256            <intent-filter>
256-->src/main/AndroidManifest.xml:209:9-214:25
257                <action android:name="android.intent.action.VIEW" />
257-->src/main/AndroidManifest.xml:141:9-60
257-->src/main/AndroidManifest.xml:141:17-58
258
259                <category android:name="android.intent.category.DEFAULT" />
259-->src/main/AndroidManifest.xml:143:9-67
259-->src/main/AndroidManifest.xml:143:19-65
260                <category android:name="android.intent.category.BROWSABLE" />
260-->src/main/AndroidManifest.xml:144:9-69
260-->src/main/AndroidManifest.xml:144:19-67
261
262                <data android:scheme="expo.modules.payments.stripe.77da3a4c-1ee0-4fc2-ad9d-8c6bad6850e9" />
262-->src/main/AndroidManifest.xml:139:9-69
262-->src/main/AndroidManifest.xml:139:15-67
263            </intent-filter>
264        </activity>
265        <!-- Versioned Activity for Stripe -->
266        <!-- BEGIN_SDK_36 -->
267        <activity
267-->src/main/AndroidManifest.xml:218:5-229:16
268            android:name="abi36_0_0.expo.modules.payments.stripe.RedirectUriReceiver"
268-->src/main/AndroidManifest.xml:221:7-80
269            android:exported="true"
269-->src/main/AndroidManifest.xml:219:7-30
270            android:launchMode="singleTask"
270-->src/main/AndroidManifest.xml:220:7-38
271            android:theme="@android:style/Theme.Translucent.NoTitleBar.Fullscreen" >
271-->src/main/AndroidManifest.xml:222:7-77
272            <intent-filter>
272-->src/main/AndroidManifest.xml:223:7-228:23
273                <action android:name="android.intent.action.VIEW" />
273-->src/main/AndroidManifest.xml:141:9-60
273-->src/main/AndroidManifest.xml:141:17-58
274
275                <category android:name="android.intent.category.DEFAULT" />
275-->src/main/AndroidManifest.xml:143:9-67
275-->src/main/AndroidManifest.xml:143:19-65
276                <category android:name="android.intent.category.BROWSABLE" />
276-->src/main/AndroidManifest.xml:144:9-69
276-->src/main/AndroidManifest.xml:144:19-67
277
278                <data android:scheme="abi36_0_0.expo.modules.payments.stripe" />
278-->src/main/AndroidManifest.xml:139:9-69
278-->src/main/AndroidManifest.xml:139:15-67
279            </intent-filter>
280        </activity>
281        <!-- END_SDK_36 -->
282        <!-- BEGIN_SDK_35 -->
283        <activity
283-->src/main/AndroidManifest.xml:232:3-243:14
284            android:name="abi35_0_0.expo.modules.payments.stripe.RedirectUriReceiver"
284-->src/main/AndroidManifest.xml:235:4-77
285            android:exported="true"
285-->src/main/AndroidManifest.xml:233:4-27
286            android:launchMode="singleTask"
286-->src/main/AndroidManifest.xml:234:4-35
287            android:theme="@android:style/Theme.Translucent.NoTitleBar.Fullscreen" >
287-->src/main/AndroidManifest.xml:236:4-74
288            <intent-filter>
288-->src/main/AndroidManifest.xml:237:4-242:20
289                <action android:name="android.intent.action.VIEW" />
289-->src/main/AndroidManifest.xml:141:9-60
289-->src/main/AndroidManifest.xml:141:17-58
290
291                <category android:name="android.intent.category.DEFAULT" />
291-->src/main/AndroidManifest.xml:143:9-67
291-->src/main/AndroidManifest.xml:143:19-65
292                <category android:name="android.intent.category.BROWSABLE" />
292-->src/main/AndroidManifest.xml:144:9-69
292-->src/main/AndroidManifest.xml:144:19-67
293
294                <data android:scheme="abi35_0_0.expo.modules.payments.stripe" />
294-->src/main/AndroidManifest.xml:139:9-69
294-->src/main/AndroidManifest.xml:139:15-67
295            </intent-filter>
296        </activity>
297        <!-- END_SDK_35 -->
298        <!-- BEGIN_SDK_34 -->
299        <activity
299-->src/main/AndroidManifest.xml:246:5-257:16
300            android:name="abi34_0_0.expo.modules.payments.stripe.RedirectUriReceiver"
300-->src/main/AndroidManifest.xml:249:7-80
301            android:exported="true"
301-->src/main/AndroidManifest.xml:247:7-30
302            android:launchMode="singleTask"
302-->src/main/AndroidManifest.xml:248:7-38
303            android:theme="@android:style/Theme.Translucent.NoTitleBar.Fullscreen" >
303-->src/main/AndroidManifest.xml:250:7-77
304            <intent-filter>
304-->src/main/AndroidManifest.xml:251:7-256:23
305                <action android:name="android.intent.action.VIEW" />
305-->src/main/AndroidManifest.xml:141:9-60
305-->src/main/AndroidManifest.xml:141:17-58
306
307                <category android:name="android.intent.category.DEFAULT" />
307-->src/main/AndroidManifest.xml:143:9-67
307-->src/main/AndroidManifest.xml:143:19-65
308                <category android:name="android.intent.category.BROWSABLE" />
308-->src/main/AndroidManifest.xml:144:9-69
308-->src/main/AndroidManifest.xml:144:19-67
309
310                <data android:scheme="abi34_0_0.expo.modules.payments.stripe" />
310-->src/main/AndroidManifest.xml:139:9-69
310-->src/main/AndroidManifest.xml:139:15-67
311            </intent-filter>
312        </activity>
313        <!-- END_SDK_34 -->
314        <!-- BEGIN_SDK_33 -->
315        <activity
315-->src/main/AndroidManifest.xml:260:5-271:16
316            android:name="abi33_0_0.expo.modules.payments.stripe.RedirectUriReceiver"
316-->src/main/AndroidManifest.xml:263:7-80
317            android:exported="true"
317-->src/main/AndroidManifest.xml:261:7-30
318            android:launchMode="singleTask"
318-->src/main/AndroidManifest.xml:262:7-38
319            android:theme="@android:style/Theme.Translucent.NoTitleBar.Fullscreen" >
319-->src/main/AndroidManifest.xml:264:7-77
320            <intent-filter>
320-->src/main/AndroidManifest.xml:265:7-270:23
321                <action android:name="android.intent.action.VIEW" />
321-->src/main/AndroidManifest.xml:141:9-60
321-->src/main/AndroidManifest.xml:141:17-58
322
323                <category android:name="android.intent.category.DEFAULT" />
323-->src/main/AndroidManifest.xml:143:9-67
323-->src/main/AndroidManifest.xml:143:19-65
324                <category android:name="android.intent.category.BROWSABLE" />
324-->src/main/AndroidManifest.xml:144:9-69
324-->src/main/AndroidManifest.xml:144:19-67
325
326                <data android:scheme="abi33_0_0.expo.modules.payments.stripe" />
326-->src/main/AndroidManifest.xml:139:9-69
326-->src/main/AndroidManifest.xml:139:15-67
327            </intent-filter>
328        </activity>
329        <!-- END_SDK_33 -->
330        <!-- END OF STRIPE SCHEMES -->
331
332        <activity
332-->src/main/AndroidManifest.xml:275:5-279:16
333            android:name="host.exp.exponent.experience.ErrorActivity"
333-->src/main/AndroidManifest.xml:276:7-47
334            android:screenOrientation="portrait"